<?xml version="1.0" encoding="UTF-8"?>
<!-- Generated by org.testng.reporters.JUnitReportReporter -->
<testsuite hostname="Swaraj-Shinde" failures="0" tests="1" name="com.login.LoginFunctionality" time="33.631" errors="0" timestamp="2025-06-20T20:11:11 IST" skipped="0">
  <testcase classname="com.login.LoginFunctionality" name="making_HomePage_Cards_Dynamic" time="33.631"/>
</testsuite> <!-- com.login.LoginFunctionality -->
