<?xml version="1.0" encoding="UTF-8"?>
<!-- Generated by org.testng.reporters.JUnitReportReporter -->
<testsuite hostname="Swaraj-Shinde" failures="0" tests="1" name="com.login.LoginSignUp" time="8.101" errors="0" timestamp="2025-06-17T22:21:21 IST" skipped="0">
  <testcase classname="com.login.LoginSignUp" name="Empty_Input" time="8.101"/>
</testsuite> <!-- com.login.LoginSignUp -->
