<?xml version="1.0" encoding="UTF-8"?>
<!-- Generated by org.testng.reporters.JUnitReportReporter -->
<testsuite hostname="Swaraj-Shinde" failures="0" tests="1" name="com.testcases.LoginFunctionalityUsingKeywordFramework" time="5.959" errors="0" timestamp="2025-06-24T16:59:24 IST" skipped="0">
  <testcase classname="com.testcases.LoginFunctionalityUsingKeywordFramework" name="continue_With_Empty_Input_Using_Keyword" time="5.959"/>
</testsuite> <!-- com.testcases.LoginFunctionalityUsingKeywordFramework -->
