<?xml version="1.0" encoding="UTF-8"?>
<!-- Generated by org.testng.reporters.JUnitReportReporter -->
<testsuite hostname="Swaraj-Shinde" failures="0" tests="1" name="com.skillio.testcases.HomePageDemo" time="26.619" errors="0" timestamp="2025-06-21T19:49:16 IST" skipped="0">
  <testcase classname="com.skillio.testcases.HomePageDemo" name="goibiboDemo" time="26.619"/>
</testsuite> <!-- com.skillio.testcases.HomePageDemo -->
